<?xml version="1.0" encoding="UTF-8"?>
<testng-results ignored="0" total="1" passed="1" failed="0" skipped="0">
  <reporter-output>
  </reporter-output>
  <suite started-at="2024-12-09T19:27:04 CET" name="Suite" finished-at="2024-12-09T19:27:51 CET" duration-ms="47028">
    <groups>
    </groups>
    <test started-at="2024-12-09T19:27:04 CET" name="Login And Add to Cart" finished-at="2024-12-09T19:27:51 CET" duration-ms="47028">
      <class name="tests.LoginAndAddToCart">
        <test-method is-config="true" signature="setUp()[pri:0, instance:tests.LoginAndAddToCart@3270d194]" started-at="2024-12-09T19:27:04 CET" name="setUp" finished-at="2024-12-09T19:27:13 CET" duration-ms="9146" status="PASS">
          <reporter-output>
          </reporter-output>
        </test-method> <!-- setUp -->
        <test-method signature="loginAndAddToCart()[pri:0, instance:tests.LoginAndAddToCart@3270d194]" started-at="2024-12-09T19:27:13 CET" name="loginAndAddToCart" finished-at="2024-12-09T19:27:50 CET" duration-ms="36988" status="PASS">
          <reporter-output>
          </reporter-output>
        </test-method> <!-- loginAndAddToCart -->
        <test-method is-config="true" signature="tearDown()[pri:0, instance:tests.LoginAndAddToCart@3270d194]" started-at="2024-12-09T19:27:50 CET" name="tearDown" finished-at="2024-12-09T19:27:51 CET" duration-ms="857" status="PASS">
          <reporter-output>
          </reporter-output>
        </test-method> <!-- tearDown -->
      </class> <!-- tests.LoginAndAddToCart -->
    </test> <!-- Login And Add to Cart -->
  </suite> <!-- Suite -->
</testng-results>
